<?xml version="1.0" encoding="UTF-8"?>
<!-- Generated by org.testng.reporters.JUnitReportReporter -->
<testsuite hostname="Soorajs-MacBook-Pro.local" failures="0" tests="1" name="tests.TC003_CreateLead" time="17.414" errors="0" timestamp="2023-03-10T08:57:27 IST" skipped="0">
  <testcase classname="tests.TC003_CreateLead" name="createLead" time="17.414"/>
  <system-out/>
</testsuite> <!-- tests.TC003_CreateLead -->
